# JRE version: OpenJDK Runtime Environment Temurin-18.0.2.1+1 (18.0.2.1+1) (build 18.0.2.1+1)
# Java VM: OpenJDK 64-Bit Server VM Temurin-18.0.2.1+1 (18.0.2.1+1, mixed mode, tiered, compressed oops, compressed class ptrs, g1 gc, windows-amd64)
GC Precious Log:
 CardTable entry size: 512
 Card Set container configuration: InlinePtr #cards 4 size 8 Array Of Cards #cards 16 size 48 Howl #buckets 8 coarsen threshold 3686 Howl Bitmap #cards 512 size 80 coarsen threshold 460 Card regions per heap region 1 cards per card region 4096
 CPUs: 16 total, 16 available
 Memory: 16117M
 Large Page Support: Disabled
 NUMA Support: Disabled
 Compressed Oops: Enabled (Zero based)
 Heap Region Size: 2M
 Heap Min Capacity: 8M
 Heap Initial Capacity: 252M
 Heap Max Capacity: 4030M
 Pre-touch: Disabled
 Parallel Workers: 13
 Concurrent Workers: 3
 Concurrent Refinement Workers: 13
 Periodic GC: Disabled
Heap:
 garbage-first heap   total 1044480K, used 969116K [0x0000000704200000, 0x0000000800000000)
  region size 2048K, 339 young (694272K), 26 survivors (53248K)
 Metaspace       used 24470K, committed 24768K, reserved 1114112K
  class space    used 2191K, committed 2304K, reserved 1048576K
GC Heap History (20 events):
Event: 3.305 GC heap before
{Heap before GC invocations=20 (full 0):
 garbage-first heap   total 915456K, used 265415K [0x0000000704200000, 0x0000000800000000)
  region size 2048K, 22 young (45056K), 15 survivors (30720K)
 Metaspace       used 8335K, committed 8512K, reserved 1114112K
  class space    used 667K, committed 768K, reserved 1048576K
}
Event: 3.320 GC heap after
{Heap after GC invocations=21 (full 0):
 garbage-first heap   total 915456K, used 254880K [0x0000000704200000, 0x0000000800000000)
  region size 2048K, 2 young (4096K), 2 survivors (4096K)
 Metaspace       used 8335K, committed 8512K, reserved 1114112K
  class space    used 667K, committed 768K, reserved 1048576K
}
Event: 3.538 GC heap before
{Heap before GC invocations=21 (full 0):
 garbage-first heap   total 915456K, used 541600K [0x0000000704200000, 0x0000000800000000)
  region size 2048K, 141 young (288768K), 2 survivors (4096K)
 Metaspace       used 8335K, committed 8512K, reserved 1114112K
  class space    used 667K, committed 768K, reserved 1048576K
}
Event: 3.566 GC heap after
{Heap after GC invocations=22 (full 0):
 garbage-first heap   total 915456K, used 306621K [0x0000000704200000, 0x0000000800000000)
  region size 2048K, 18 young (36864K), 18 survivors (36864K)
 Metaspace       used 8335K, committed 8512K, reserved 1114112K
  class space    used 667K, committed 768K, reserved 1048576K
}
Event: 3.739 GC heap before
{Heap before GC invocations=22 (full 0):
 garbage-first heap   total 915456K, used 583101K [0x0000000704200000, 0x0000000800000000)
  region size 2048K, 151 young (309248K), 18 survivors (36864K)
 Metaspace       used 8335K, committed 8512K, reserved 1114112K
  class space    used 667K, committed 768K, reserved 1048576K
}
Event: 3.779 GC heap after
{Heap after GC invocations=23 (full 0):
 garbage-first heap   total 915456K, used 358801K [0x0000000704200000, 0x0000000800000000)
  region size 2048K, 19 young (38912K), 19 survivors (38912K)
 Metaspace       used 8335K, committed 8512K, reserved 1114112K
  class space    used 667K, committed 768K, reserved 1048576K
}
Event: 3.943 GC heap before
{Heap before GC invocations=23 (full 0):
 garbage-first heap   total 915456K, used 620945K [0x0000000704200000, 0x0000000800000000)
  region size 2048K, 147 young (301056K), 19 survivors (38912K)
 Metaspace       used 8335K, committed 8512K, reserved 1114112K
  class space    used 667K, committed 768K, reserved 1048576K
}
Event: 3.986 GC heap after
{Heap after GC invocations=24 (full 0):
 garbage-first heap   total 1976320K, used 406268K [0x0000000704200000, 0x0000000800000000)
  region size 2048K, 19 young (38912K), 19 survivors (38912K)
 Metaspace       used 8335K, committed 8512K, reserved 1114112K
  class space    used 667K, committed 768K, reserved 1048576K
}
Event: 5.848 GC heap before
{Heap before GC invocations=24 (full 0):
 garbage-first heap   total 1976320K, used 1604348K [0x0000000704200000, 0x0000000800000000)
  region size 2048K, 442 young (905216K), 19 survivors (38912K)
 Metaspace       used 9048K, committed 9216K, reserved 1114112K
  class space    used 715K, committed 768K, reserved 1048576K
}
Event: 5.945 GC heap after
{Heap after GC invocations=25 (full 0):
 garbage-first heap   total 1976320K, used 568281K [0x0000000704200000, 0x0000000800000000)
  region size 2048K, 56 young (114688K), 56 survivors (114688K)
 Metaspace       used 9048K, committed 9216K, reserved 1114112K
  class space    used 715K, committed 768K, reserved 1048576K
}
Event: 6.256 GC heap before
{Heap before GC invocations=25 (full 0):
 garbage-first heap   total 1976320K, used 1291225K [0x0000000704200000, 0x0000000800000000)
  region size 2048K, 409 young (837632K), 56 survivors (114688K)
 Metaspace       used 9048K, committed 9216K, reserved 1114112K
  class space    used 715K, committed 768K, reserved 1048576K
}
Event: 6.318 GC heap after
{Heap after GC invocations=26 (full 0):
 garbage-first heap   total 1976320K, used 599080K [0x0000000704200000, 0x0000000800000000)
  region size 2048K, 12 young (24576K), 12 survivors (24576K)
 Metaspace       used 9048K, committed 9216K, reserved 1114112K
  class space    used 715K, committed 768K, reserved 1048576K
}
Event: 7.311 GC heap before
{Heap before GC invocations=26 (full 0):
 garbage-first heap   total 1976320K, used 1401896K [0x0000000704200000, 0x0000000800000000)
  region size 2048K, 401 young (821248K), 12 survivors (24576K)
 Metaspace       used 9718K, committed 9856K, reserved 1114112K
  class space    used 782K, committed 896K, reserved 1048576K
}
Event: 7.319 GC heap after
{Heap after GC invocations=27 (full 0):
 garbage-first heap   total 1976320K, used 596601K [0x0000000704200000, 0x0000000800000000)
  region size 2048K, 11 young (22528K), 11 survivors (22528K)
 Metaspace       used 9718K, committed 9856K, reserved 1114112K
  class space    used 782K, committed 896K, reserved 1048576K
}
Event: 8.446 GC heap before
{Heap before GC invocations=27 (full 0):
 garbage-first heap   total 1976320K, used 1489529K [0x0000000704200000, 0x0000000800000000)
  region size 2048K, 447 young (915456K), 11 survivors (22528K)
 Metaspace       used 9718K, committed 9856K, reserved 1114112K
  class space    used 782K, committed 896K, reserved 1048576K
}
Event: 8.454 GC heap after
{Heap after GC invocations=28 (full 0):
 garbage-first heap   total 1976320K, used 595676K [0x0000000704200000, 0x0000000800000000)
  region size 2048K, 11 young (22528K), 11 survivors (22528K)
 Metaspace       used 9718K, committed 9856K, reserved 1114112K
  class space    used 782K, committed 896K, reserved 1048576K
}
Event: 10.465 GC heap before
{Heap before GC invocations=28 (full 0):
 garbage-first heap   total 1976320K, used 1562332K [0x0000000704200000, 0x0000000800000000)
  region size 2048K, 483 young (989184K), 11 survivors (22528K)
 Metaspace       used 12959K, committed 13120K, reserved 1114112K
  class space    used 1066K, committed 1152K, reserved 1048576K
}
Event: 10.484 GC heap after
{Heap after GC invocations=29 (full 0):
 garbage-first heap   total 1976320K, used 605224K [0x0000000704200000, 0x0000000800000000)
  region size 2048K, 15 young (30720K), 15 survivors (30720K)
 Metaspace       used 12959K, committed 13120K, reserved 1114112K
  class space    used 1066K, committed 1152K, reserved 1048576K
}
Event: 11.930 GC heap before
{Heap before GC invocations=29 (full 0):
 garbage-first heap   total 1976320K, used 1481768K [0x0000000704200000, 0x0000000800000000)
  region size 2048K, 444 young (909312K), 15 survivors (30720K)
 Metaspace       used 21296K, committed 21504K, reserved 1114112K
  class space    used 1969K, committed 2048K, reserved 1048576K
}
Event: 11.956 GC heap after
{Heap after GC invocations=30 (full 0):
 garbage-first heap   total 1976320K, used 626116K [0x0000000704200000, 0x0000000800000000)
  region size 2048K, 26 young (53248K), 26 survivors (53248K)
 Metaspace       used 21296K, committed 21504K, reserved 1114112K
  class space    used 1969K, committed 2048K, reserved 1048576K
}

